13-Oct-2025 13:13:03.488 INFO [main] org.apache.catalina.core.ApplicationContext.log ContextListener: contextInitialized()
13-Oct-2025 13:13:03.488 INFO [main] org.apache.catalina.core.ApplicationContext.log SessionListener: contextInitialized()
13-Oct-2025 13:13:03.490 INFO [main] org.apache.catalina.core.ApplicationContext.log ContextListener: attributeAdded('StockTicker', 'async.Stockticker@29ef6856')
13-Oct-2025 13:17:51.297 INFO [main] org.apache.catalina.core.ApplicationContext.log SessionListener: contextDestroyed()
13-Oct-2025 13:17:51.297 INFO [main] org.apache.catalina.core.ApplicationContext.log ContextListener: contextDestroyed()
13-Oct-2025 13:17:56.128 INFO [main] org.apache.catalina.core.ApplicationContext.log ContextListener: contextInitialized()
13-Oct-2025 13:17:56.128 INFO [main] org.apache.catalina.core.ApplicationContext.log SessionListener: contextInitialized()
13-Oct-2025 13:17:56.133 INFO [main] org.apache.catalina.core.ApplicationContext.log ContextListener: attributeAdded('StockTicker', 'async.Stockticker@545de5a4')
13-Oct-2025 13:26:55.304 INFO [main] org.apache.catalina.core.ApplicationContext.log SessionListener: contextDestroyed()
13-Oct-2025 13:26:55.304 INFO [main] org.apache.catalina.core.ApplicationContext.log ContextListener: contextDestroyed()
13-Oct-2025 13:26:59.681 INFO [main] org.apache.catalina.core.ApplicationContext.log ContextListener: contextInitialized()
13-Oct-2025 13:26:59.681 INFO [main] org.apache.catalina.core.ApplicationContext.log SessionListener: contextInitialized()
13-Oct-2025 13:26:59.683 INFO [main] org.apache.catalina.core.ApplicationContext.log ContextListener: attributeAdded('StockTicker', 'async.Stockticker@545de5a4')
13-Oct-2025 13:30:33.860 INFO [main] org.apache.catalina.core.ApplicationContext.log SessionListener: contextDestroyed()
13-Oct-2025 13:30:33.860 INFO [main] org.apache.catalina.core.ApplicationContext.log ContextListener: contextDestroyed()
13-Oct-2025 13:30:38.458 INFO [main] org.apache.catalina.core.ApplicationContext.log ContextListener: contextInitialized()
13-Oct-2025 13:30:38.458 INFO [main] org.apache.catalina.core.ApplicationContext.log SessionListener: contextInitialized()
13-Oct-2025 13:30:38.462 INFO [main] org.apache.catalina.core.ApplicationContext.log ContextListener: attributeAdded('StockTicker', 'async.Stockticker@ab7a938')
13-Oct-2025 14:18:45.917 INFO [main] org.apache.catalina.core.ApplicationContext.log ContextListener: contextInitialized()
13-Oct-2025 14:18:45.917 INFO [main] org.apache.catalina.core.ApplicationContext.log SessionListener: contextInitialized()
13-Oct-2025 14:18:45.921 INFO [main] org.apache.catalina.core.ApplicationContext.log ContextListener: attributeAdded('StockTicker', 'async.Stockticker@5be067de')
13-Oct-2025 14:18:47.109 INFO [main] org.apache.catalina.core.ApplicationContext.log SessionListener: contextDestroyed()
13-Oct-2025 14:18:47.109 INFO [main] org.apache.catalina.core.ApplicationContext.log ContextListener: contextDestroyed()
13-Oct-2025 14:20:04.068 INFO [main] org.apache.catalina.core.ApplicationContext.log SessionListener: contextDestroyed()
13-Oct-2025 14:20:04.069 INFO [main] org.apache.catalina.core.ApplicationContext.log ContextListener: contextDestroyed()
