14-Oct-2025 11:42:51.154 INFO [main] org.apache.catalina.startup.VersionLoggerListener.log Server version name:   Apache Tomcat/9.0.82
14-Oct-2025 11:42:51.159 INFO [main] org.apache.catalina.startup.VersionLoggerListener.log Server built:          Oct 11 2023 13:15:08 UTC
14-Oct-2025 11:42:51.160 INFO [main] org.apache.catalina.startup.VersionLoggerListener.log Server version number: 9.0.82.0
14-Oct-2025 11:42:51.160 INFO [main] org.apache.catalina.startup.VersionLoggerListener.log OS Name:               Windows 11
14-Oct-2025 11:42:51.160 INFO [main] org.apache.catalina.startup.VersionLoggerListener.log OS Version:            10.0
14-Oct-2025 11:42:51.161 INFO [main] org.apache.catalina.startup.VersionLoggerListener.log Architecture:          amd64
14-Oct-2025 11:42:51.161 INFO [main] org.apache.catalina.startup.VersionLoggerListener.log Java Home:             C:\Program Files\Java\jdk-17
14-Oct-2025 11:42:51.161 INFO [main] org.apache.catalina.startup.VersionLoggerListener.log JVM Version:           17.0.16+12-LTS-247
14-Oct-2025 11:42:51.161 INFO [main] org.apache.catalina.startup.VersionLoggerListener.log JVM Vendor:            Oracle Corporation
14-Oct-2025 11:42:51.162 INFO [main] org.apache.catalina.startup.VersionLoggerListener.log CATALINA_BASE:         S:\springboot\OnlineHouseRentingSystem-master (2)\OnlineHouseRentingSystem-master\OnlineHouseRentingSystem-master\backend\.tools\tomcat\apache-tomcat-9.0.82
14-Oct-2025 11:42:51.162 INFO [main] org.apache.catalina.startup.VersionLoggerListener.log CATALINA_HOME:         S:\springboot\OnlineHouseRentingSystem-master (2)\OnlineHouseRentingSystem-master\OnlineHouseRentingSystem-master\backend\.tools\tomcat\apache-tomcat-9.0.82
14-Oct-2025 11:42:51.181 INFO [main] org.apache.catalina.startup.VersionLoggerListener.log Command line argument: --add-opens=java.base/java.lang=ALL-UNNAMED
14-Oct-2025 11:42:51.181 INFO [main] org.apache.catalina.startup.VersionLoggerListener.log Command line argument: --add-opens=java.base/java.io=ALL-UNNAMED
14-Oct-2025 11:42:51.181 INFO [main] org.apache.catalina.startup.VersionLoggerListener.log Command line argument: --add-opens=java.base/java.util=ALL-UNNAMED
14-Oct-2025 11:42:51.182 INFO [main] org.apache.catalina.startup.VersionLoggerListener.log Command line argument: --add-opens=java.base/java.util.concurrent=ALL-UNNAMED
14-Oct-2025 11:42:51.182 INFO [main] org.apache.catalina.startup.VersionLoggerListener.log Command line argument: --add-opens=java.rmi/sun.rmi.transport=ALL-UNNAMED
14-Oct-2025 11:42:51.182 INFO [main] org.apache.catalina.startup.VersionLoggerListener.log Command line argument: -Djava.util.logging.config.file=S:\springboot\OnlineHouseRentingSystem-master (2)\OnlineHouseRentingSystem-master\OnlineHouseRentingSystem-master\backend\.tools\tomcat\apache-tomcat-9.0.82\conf\logging.properties
14-Oct-2025 11:42:51.182 INFO [main] org.apache.catalina.startup.VersionLoggerListener.log Command line argument: -Djava.util.logging.manager=org.apache.juli.ClassLoaderLogManager
14-Oct-2025 11:42:51.183 INFO [main] org.apache.catalina.startup.VersionLoggerListener.log Command line argument: -Djdk.tls.ephemeralDHKeySize=2048
14-Oct-2025 11:42:51.183 INFO [main] org.apache.catalina.startup.VersionLoggerListener.log Command line argument: -Djava.protocol.handler.pkgs=org.apache.catalina.webresources
14-Oct-2025 11:42:51.183 INFO [main] org.apache.catalina.startup.VersionLoggerListener.log Command line argument: -Dignore.endorsed.dirs=
14-Oct-2025 11:42:51.183 INFO [main] org.apache.catalina.startup.VersionLoggerListener.log Command line argument: -Dcatalina.base=S:\springboot\OnlineHouseRentingSystem-master (2)\OnlineHouseRentingSystem-master\OnlineHouseRentingSystem-master\backend\.tools\tomcat\apache-tomcat-9.0.82
14-Oct-2025 11:42:51.184 INFO [main] org.apache.catalina.startup.VersionLoggerListener.log Command line argument: -Dcatalina.home=S:\springboot\OnlineHouseRentingSystem-master (2)\OnlineHouseRentingSystem-master\OnlineHouseRentingSystem-master\backend\.tools\tomcat\apache-tomcat-9.0.82
14-Oct-2025 11:42:51.184 INFO [main] org.apache.catalina.startup.VersionLoggerListener.log Command line argument: -Djava.io.tmpdir=S:\springboot\OnlineHouseRentingSystem-master (2)\OnlineHouseRentingSystem-master\OnlineHouseRentingSystem-master\backend\.tools\tomcat\apache-tomcat-9.0.82\temp
14-Oct-2025 11:42:51.388 INFO [main] org.apache.catalina.core.AprLifecycleListener.lifecycleEvent Loaded Apache Tomcat Native library [1.2.39] using APR version [1.7.4].
14-Oct-2025 11:42:51.389 INFO [main] org.apache.catalina.core.AprLifecycleListener.lifecycleEvent APR capabilities: IPv6 [true], sendfile [true], accept filters [false], random [true], UDS [true].
14-Oct-2025 11:42:51.389 INFO [main] org.apache.catalina.core.AprLifecycleListener.lifecycleEvent APR/OpenSSL configuration: useAprConnector [false], useOpenSSL [true]
14-Oct-2025 11:42:51.420 INFO [main] org.apache.catalina.core.AprLifecycleListener.initializeSSL OpenSSL successfully initialized [OpenSSL 3.0.11 19 Sep 2023]
14-Oct-2025 11:42:52.250 INFO [main] org.apache.coyote.AbstractProtocol.init Initializing ProtocolHandler ["http-nio-8080"]
14-Oct-2025 11:42:52.333 INFO [main] org.apache.catalina.startup.Catalina.load Server initialization in [1735] milliseconds
14-Oct-2025 11:42:52.428 INFO [main] org.apache.catalina.core.StandardService.startInternal Starting service [Catalina]
14-Oct-2025 11:42:52.428 INFO [main] org.apache.catalina.core.StandardEngine.startInternal Starting Servlet engine: [Apache Tomcat/9.0.82]
14-Oct-2025 11:42:52.454 INFO [main] org.apache.catalina.startup.HostConfig.deployDirectory Deploying web application directory [S:\springboot\OnlineHouseRentingSystem-master (2)\OnlineHouseRentingSystem-master\OnlineHouseRentingSystem-master\backend\.tools\tomcat\apache-tomcat-9.0.82\webapps\docs]
14-Oct-2025 11:42:54.193 INFO [main] org.apache.jasper.servlet.TldScanner.scanJars At least one JAR was scanned for TLDs yet contained no TLDs. Enable debug logging for this logger for a complete list of JARs that were scanned but no TLDs were found in them. Skipping unneeded JARs during scanning can improve startup time and JSP compilation time.
14-Oct-2025 11:42:54.371 WARNING [main] org.apache.catalina.util.SessionIdGeneratorBase.createSecureRandom Creation of SecureRandom instance for session ID generation using [SHA1PRNG] took [105] milliseconds.
14-Oct-2025 11:42:54.444 INFO [main] org.apache.catalina.startup.HostConfig.deployDirectory Deployment of web application directory [S:\springboot\OnlineHouseRentingSystem-master (2)\OnlineHouseRentingSystem-master\OnlineHouseRentingSystem-master\backend\.tools\tomcat\apache-tomcat-9.0.82\webapps\docs] has finished in [1,990] ms
14-Oct-2025 11:42:54.445 INFO [main] org.apache.catalina.startup.HostConfig.deployDirectory Deploying web application directory [S:\springboot\OnlineHouseRentingSystem-master (2)\OnlineHouseRentingSystem-master\OnlineHouseRentingSystem-master\backend\.tools\tomcat\apache-tomcat-9.0.82\webapps\examples]
14-Oct-2025 11:42:55.719 INFO [main] org.apache.jasper.servlet.TldScanner.scanJars At least one JAR was scanned for TLDs yet contained no TLDs. Enable debug logging for this logger for a complete list of JARs that were scanned but no TLDs were found in them. Skipping unneeded JARs during scanning can improve startup time and JSP compilation time.
14-Oct-2025 11:42:55.991 INFO [main] org.apache.catalina.startup.HostConfig.deployDirectory Deployment of web application directory [S:\springboot\OnlineHouseRentingSystem-master (2)\OnlineHouseRentingSystem-master\OnlineHouseRentingSystem-master\backend\.tools\tomcat\apache-tomcat-9.0.82\webapps\examples] has finished in [1,545] ms
14-Oct-2025 11:42:55.992 INFO [main] org.apache.catalina.startup.HostConfig.deployDirectory Deploying web application directory [S:\springboot\OnlineHouseRentingSystem-master (2)\OnlineHouseRentingSystem-master\OnlineHouseRentingSystem-master\backend\.tools\tomcat\apache-tomcat-9.0.82\webapps\host-manager]
14-Oct-2025 11:42:56.829 INFO [main] org.apache.jasper.servlet.TldScanner.scanJars At least one JAR was scanned for TLDs yet contained no TLDs. Enable debug logging for this logger for a complete list of JARs that were scanned but no TLDs were found in them. Skipping unneeded JARs during scanning can improve startup time and JSP compilation time.
14-Oct-2025 11:42:56.857 INFO [main] org.apache.catalina.startup.HostConfig.deployDirectory Deployment of web application directory [S:\springboot\OnlineHouseRentingSystem-master (2)\OnlineHouseRentingSystem-master\OnlineHouseRentingSystem-master\backend\.tools\tomcat\apache-tomcat-9.0.82\webapps\host-manager] has finished in [865] ms
14-Oct-2025 11:42:56.858 INFO [main] org.apache.catalina.startup.HostConfig.deployDirectory Deploying web application directory [S:\springboot\OnlineHouseRentingSystem-master (2)\OnlineHouseRentingSystem-master\OnlineHouseRentingSystem-master\backend\.tools\tomcat\apache-tomcat-9.0.82\webapps\manager]
14-Oct-2025 11:42:57.894 INFO [main] org.apache.jasper.servlet.TldScanner.scanJars At least one JAR was scanned for TLDs yet contained no TLDs. Enable debug logging for this logger for a complete list of JARs that were scanned but no TLDs were found in them. Skipping unneeded JARs during scanning can improve startup time and JSP compilation time.
14-Oct-2025 11:42:57.906 INFO [main] org.apache.catalina.startup.HostConfig.deployDirectory Deployment of web application directory [S:\springboot\OnlineHouseRentingSystem-master (2)\OnlineHouseRentingSystem-master\OnlineHouseRentingSystem-master\backend\.tools\tomcat\apache-tomcat-9.0.82\webapps\manager] has finished in [1,047] ms
14-Oct-2025 11:42:57.908 INFO [main] org.apache.catalina.startup.HostConfig.deployDirectory Deploying web application directory [S:\springboot\OnlineHouseRentingSystem-master (2)\OnlineHouseRentingSystem-master\OnlineHouseRentingSystem-master\backend\.tools\tomcat\apache-tomcat-9.0.82\webapps\ROOT]
14-Oct-2025 11:42:58.738 INFO [main] org.apache.jasper.servlet.TldScanner.scanJars At least one JAR was scanned for TLDs yet contained no TLDs. Enable debug logging for this logger for a complete list of JARs that were scanned but no TLDs were found in them. Skipping unneeded JARs during scanning can improve startup time and JSP compilation time.
14-Oct-2025 11:42:58.752 INFO [main] org.apache.catalina.startup.HostConfig.deployDirectory Deployment of web application directory [S:\springboot\OnlineHouseRentingSystem-master (2)\OnlineHouseRentingSystem-master\OnlineHouseRentingSystem-master\backend\.tools\tomcat\apache-tomcat-9.0.82\webapps\ROOT] has finished in [843] ms
14-Oct-2025 11:42:58.761 INFO [main] org.apache.coyote.AbstractProtocol.start Starting ProtocolHandler ["http-nio-8080"]
14-Oct-2025 11:42:58.894 INFO [main] org.apache.catalina.startup.Catalina.start Server startup in [6560] milliseconds
14-Oct-2025 15:09:22.879 SEVERE [main] org.apache.catalina.startup.Catalina.stopServer Could not contact [localhost:8005] (base port [8005] and offset [0]). Tomcat may not be running.
14-Oct-2025 15:09:25.851 INFO [main] org.apache.catalina.startup.VersionLoggerListener.log Server version name:   Apache Tomcat/9.0.82
14-Oct-2025 15:09:25.861 INFO [main] org.apache.catalina.startup.VersionLoggerListener.log Server built:          Oct 11 2023 13:15:08 UTC
14-Oct-2025 15:09:25.862 INFO [main] org.apache.catalina.startup.VersionLoggerListener.log Server version number: 9.0.82.0
14-Oct-2025 15:09:25.863 INFO [main] org.apache.catalina.startup.VersionLoggerListener.log OS Name:               Windows 11
14-Oct-2025 15:09:25.863 INFO [main] org.apache.catalina.startup.VersionLoggerListener.log OS Version:            10.0
14-Oct-2025 15:09:25.863 INFO [main] org.apache.catalina.startup.VersionLoggerListener.log Architecture:          amd64
14-Oct-2025 15:09:25.863 INFO [main] org.apache.catalina.startup.VersionLoggerListener.log Java Home:             C:\Program Files\Java\jdk-17
14-Oct-2025 15:09:25.864 INFO [main] org.apache.catalina.startup.VersionLoggerListener.log JVM Version:           17.0.16+12-LTS-247
14-Oct-2025 15:09:25.864 INFO [main] org.apache.catalina.startup.VersionLoggerListener.log JVM Vendor:            Oracle Corporation
14-Oct-2025 15:09:25.864 INFO [main] org.apache.catalina.startup.VersionLoggerListener.log CATALINA_BASE:         S:\springboot\OnlineHouseRentingSystem-master (2)\OnlineHouseRentingSystem-master\OnlineHouseRentingSystem-master\backend\.tools\tomcat\apache-tomcat-9.0.82
14-Oct-2025 15:09:25.864 INFO [main] org.apache.catalina.startup.VersionLoggerListener.log CATALINA_HOME:         S:\springboot\OnlineHouseRentingSystem-master (2)\OnlineHouseRentingSystem-master\OnlineHouseRentingSystem-master\backend\.tools\tomcat\apache-tomcat-9.0.82
14-Oct-2025 15:09:25.880 INFO [main] org.apache.catalina.startup.VersionLoggerListener.log Command line argument: --add-opens=java.base/java.lang=ALL-UNNAMED
14-Oct-2025 15:09:25.880 INFO [main] org.apache.catalina.startup.VersionLoggerListener.log Command line argument: --add-opens=java.base/java.io=ALL-UNNAMED
14-Oct-2025 15:09:25.881 INFO [main] org.apache.catalina.startup.VersionLoggerListener.log Command line argument: --add-opens=java.base/java.util=ALL-UNNAMED
14-Oct-2025 15:09:25.881 INFO [main] org.apache.catalina.startup.VersionLoggerListener.log Command line argument: --add-opens=java.base/java.util.concurrent=ALL-UNNAMED
14-Oct-2025 15:09:25.881 INFO [main] org.apache.catalina.startup.VersionLoggerListener.log Command line argument: --add-opens=java.rmi/sun.rmi.transport=ALL-UNNAMED
14-Oct-2025 15:09:25.881 INFO [main] org.apache.catalina.startup.VersionLoggerListener.log Command line argument: -Djava.util.logging.config.file=s:\springboot\OnlineHouseRentingSystem-master (2)\OnlineHouseRentingSystem-master\OnlineHouseRentingSystem-master\backend\.tools\tomcat\apache-tomcat-9.0.82\conf\logging.properties
14-Oct-2025 15:09:25.881 INFO [main] org.apache.catalina.startup.VersionLoggerListener.log Command line argument: -Djava.util.logging.manager=org.apache.juli.ClassLoaderLogManager
14-Oct-2025 15:09:25.882 INFO [main] org.apache.catalina.startup.VersionLoggerListener.log Command line argument: -Djdk.tls.ephemeralDHKeySize=2048
14-Oct-2025 15:09:25.882 INFO [main] org.apache.catalina.startup.VersionLoggerListener.log Command line argument: -Djava.protocol.handler.pkgs=org.apache.catalina.webresources
14-Oct-2025 15:09:25.882 INFO [main] org.apache.catalina.startup.VersionLoggerListener.log Command line argument: -Dignore.endorsed.dirs=
14-Oct-2025 15:09:25.882 INFO [main] org.apache.catalina.startup.VersionLoggerListener.log Command line argument: -Dcatalina.base=s:\springboot\OnlineHouseRentingSystem-master (2)\OnlineHouseRentingSystem-master\OnlineHouseRentingSystem-master\backend\.tools\tomcat\apache-tomcat-9.0.82
14-Oct-2025 15:09:25.882 INFO [main] org.apache.catalina.startup.VersionLoggerListener.log Command line argument: -Dcatalina.home=s:\springboot\OnlineHouseRentingSystem-master (2)\OnlineHouseRentingSystem-master\OnlineHouseRentingSystem-master\backend\.tools\tomcat\apache-tomcat-9.0.82
14-Oct-2025 15:09:25.883 INFO [main] org.apache.catalina.startup.VersionLoggerListener.log Command line argument: -Djava.io.tmpdir=s:\springboot\OnlineHouseRentingSystem-master (2)\OnlineHouseRentingSystem-master\OnlineHouseRentingSystem-master\backend\.tools\tomcat\apache-tomcat-9.0.82\temp
14-Oct-2025 15:09:25.897 INFO [main] org.apache.catalina.core.AprLifecycleListener.lifecycleEvent Loaded Apache Tomcat Native library [1.2.39] using APR version [1.7.4].
14-Oct-2025 15:09:25.897 INFO [main] org.apache.catalina.core.AprLifecycleListener.lifecycleEvent APR capabilities: IPv6 [true], sendfile [true], accept filters [false], random [true], UDS [true].
14-Oct-2025 15:09:25.898 INFO [main] org.apache.catalina.core.AprLifecycleListener.lifecycleEvent APR/OpenSSL configuration: useAprConnector [false], useOpenSSL [true]
14-Oct-2025 15:09:25.922 INFO [main] org.apache.catalina.core.AprLifecycleListener.initializeSSL OpenSSL successfully initialized [OpenSSL 3.0.11 19 Sep 2023]
14-Oct-2025 15:09:26.223 INFO [main] org.apache.coyote.AbstractProtocol.init Initializing ProtocolHandler ["http-nio-8080"]
14-Oct-2025 15:09:26.250 INFO [main] org.apache.catalina.startup.Catalina.load Server initialization in [676] milliseconds
14-Oct-2025 15:09:26.312 INFO [main] org.apache.catalina.core.StandardService.startInternal Starting service [Catalina]
14-Oct-2025 15:09:26.312 INFO [main] org.apache.catalina.core.StandardEngine.startInternal Starting Servlet engine: [Apache Tomcat/9.0.82]
14-Oct-2025 15:09:26.320 INFO [main] org.apache.catalina.startup.HostConfig.deployDirectory Deploying web application directory [S:\springboot\OnlineHouseRentingSystem-master (2)\OnlineHouseRentingSystem-master\OnlineHouseRentingSystem-master\backend\.tools\tomcat\apache-tomcat-9.0.82\webapps\docs]
14-Oct-2025 15:09:26.989 INFO [main] org.apache.jasper.servlet.TldScanner.scanJars At least one JAR was scanned for TLDs yet contained no TLDs. Enable debug logging for this logger for a complete list of JARs that were scanned but no TLDs were found in them. Skipping unneeded JARs during scanning can improve startup time and JSP compilation time.
14-Oct-2025 15:09:27.067 INFO [main] org.apache.catalina.startup.HostConfig.deployDirectory Deployment of web application directory [S:\springboot\OnlineHouseRentingSystem-master (2)\OnlineHouseRentingSystem-master\OnlineHouseRentingSystem-master\backend\.tools\tomcat\apache-tomcat-9.0.82\webapps\docs] has finished in [746] ms
14-Oct-2025 15:09:27.067 INFO [main] org.apache.catalina.startup.HostConfig.deployDirectory Deploying web application directory [S:\springboot\OnlineHouseRentingSystem-master (2)\OnlineHouseRentingSystem-master\OnlineHouseRentingSystem-master\backend\.tools\tomcat\apache-tomcat-9.0.82\webapps\examples]
14-Oct-2025 15:09:27.588 INFO [main] org.apache.jasper.servlet.TldScanner.scanJars At least one JAR was scanned for TLDs yet contained no TLDs. Enable debug logging for this logger for a complete list of JARs that were scanned but no TLDs were found in them. Skipping unneeded JARs during scanning can improve startup time and JSP compilation time.
14-Oct-2025 15:09:27.635 INFO [main] org.apache.catalina.startup.HostConfig.deployDirectory Deployment of web application directory [S:\springboot\OnlineHouseRentingSystem-master (2)\OnlineHouseRentingSystem-master\OnlineHouseRentingSystem-master\backend\.tools\tomcat\apache-tomcat-9.0.82\webapps\examples] has finished in [568] ms
14-Oct-2025 15:09:27.636 INFO [main] org.apache.catalina.startup.HostConfig.deployDirectory Deploying web application directory [S:\springboot\OnlineHouseRentingSystem-master (2)\OnlineHouseRentingSystem-master\OnlineHouseRentingSystem-master\backend\.tools\tomcat\apache-tomcat-9.0.82\webapps\host-manager]
14-Oct-2025 15:09:27.900 INFO [main] org.apache.jasper.servlet.TldScanner.scanJars At least one JAR was scanned for TLDs yet contained no TLDs. Enable debug logging for this logger for a complete list of JARs that were scanned but no TLDs were found in them. Skipping unneeded JARs during scanning can improve startup time and JSP compilation time.
14-Oct-2025 15:09:27.922 INFO [main] org.apache.catalina.startup.HostConfig.deployDirectory Deployment of web application directory [S:\springboot\OnlineHouseRentingSystem-master (2)\OnlineHouseRentingSystem-master\OnlineHouseRentingSystem-master\backend\.tools\tomcat\apache-tomcat-9.0.82\webapps\host-manager] has finished in [285] ms
14-Oct-2025 15:09:27.922 INFO [main] org.apache.catalina.startup.HostConfig.deployDirectory Deploying web application directory [S:\springboot\OnlineHouseRentingSystem-master (2)\OnlineHouseRentingSystem-master\OnlineHouseRentingSystem-master\backend\.tools\tomcat\apache-tomcat-9.0.82\webapps\manager]
14-Oct-2025 15:09:28.236 INFO [main] org.apache.jasper.servlet.TldScanner.scanJars At least one JAR was scanned for TLDs yet contained no TLDs. Enable debug logging for this logger for a complete list of JARs that were scanned but no TLDs were found in them. Skipping unneeded JARs during scanning can improve startup time and JSP compilation time.
14-Oct-2025 15:09:28.241 INFO [main] org.apache.catalina.startup.HostConfig.deployDirectory Deployment of web application directory [S:\springboot\OnlineHouseRentingSystem-master (2)\OnlineHouseRentingSystem-master\OnlineHouseRentingSystem-master\backend\.tools\tomcat\apache-tomcat-9.0.82\webapps\manager] has finished in [319] ms
14-Oct-2025 15:09:28.242 INFO [main] org.apache.catalina.startup.HostConfig.deployDirectory Deploying web application directory [S:\springboot\OnlineHouseRentingSystem-master (2)\OnlineHouseRentingSystem-master\OnlineHouseRentingSystem-master\backend\.tools\tomcat\apache-tomcat-9.0.82\webapps\ROOT]
14-Oct-2025 15:09:28.635 INFO [main] org.apache.jasper.servlet.TldScanner.scanJars At least one JAR was scanned for TLDs yet contained no TLDs. Enable debug logging for this logger for a complete list of JARs that were scanned but no TLDs were found in them. Skipping unneeded JARs during scanning can improve startup time and JSP compilation time.
14-Oct-2025 15:09:28.642 INFO [main] org.apache.catalina.startup.HostConfig.deployDirectory Deployment of web application directory [S:\springboot\OnlineHouseRentingSystem-master (2)\OnlineHouseRentingSystem-master\OnlineHouseRentingSystem-master\backend\.tools\tomcat\apache-tomcat-9.0.82\webapps\ROOT] has finished in [399] ms
14-Oct-2025 15:09:28.645 INFO [main] org.apache.coyote.AbstractProtocol.start Starting ProtocolHandler ["http-nio-8080"]
14-Oct-2025 15:09:28.695 INFO [main] org.apache.catalina.startup.Catalina.start Server startup in [2445] milliseconds
